<?xml version="1.0" encoding="UTF-8"?>
<TestRun id="c14ee19d-165e-47a5-9882-f2a8ed802d5b" name="MyParinya@MYPARINYA-PC 2011-08-24 23:42:25" runUser="MyParinya-PC\MyParinya" xmlns="http://microsoft.com/schemas/VisualStudio/TeamTest/2010">
  <TestSettings name="Local" id="878a2ec2-ab60-4db1-9376-72fa2a4d923e">
    <Description>These are default test settings for a local test run.</Description>
    <Deployment enabled="false" runDeploymentRoot="MyParinya_MYPARINYA-PC 2011-08-24 23_42_25">
      <DeploymentItem filename="E:\Data\GitRepositories\HelloGithub\MvcApplication1\NinjectDemoTest\lib\Ninject.dll" />
      <DeploymentItem filename="E:\Data\GitRepositories\HelloGithub\MvcApplication1\NinjectDemoTest\lib\Moq.dll" />
    </Deployment>
    <Execution>
      <TestTypeSpecific />
      <AgentRule name="Execution Agents">
      </AgentRule>
    </Execution>
  </TestSettings>
  <Times creation="2011-08-24T23:42:25.7825764+07:00" queuing="2011-08-24T23:42:30.0838225+07:00" start="2011-08-24T23:42:30.4838453+07:00" finish="2011-08-24T23:42:36.4291854+07:00" />
  <ResultSummary outcome="Error">
    <Counters total="1" executed="1" error="0" failed="0" timeout="0" aborted="1" inconclusive="0" passedButRunAborted="0" notRunnable="0" notExecuted="0" disconnected="0" warning="0" passed="0" completed="0" inProgress="0" pending="0" />
    <RunInfos>
      <RunInfo computerName="MYPARINYA-PC" outcome="Error" timestamp="2011-08-24T23:42:36.4281853+07:00">
        <Text>Test host process exited unexpectedly.</Text>
      </RunInfo>
    </RunInfos>
  </ResultSummary>
  <TestDefinitions>
    <UnitTest name="TestMethod1" storage="e:\data\gitrepositories\hellogithub\mvcapplication1\ninjectdemotest\bin\debug\ninjectdemotest.dll" id="2798bef2-44cf-22bc-25b0-8eeca540e1c8">
      <Execution id="308c108c-675d-468d-be1e-47fa88637051" />
      <TestMethod codeBase="E:/Data/GitRepositories/HelloGithub/MvcApplication1/NinjectDemoTest/bin/Debug/NinjectDemoTest.DLL" adapterTypeName="Microsoft.VisualStudio.TestTools.TestTypes.Unit.UnitTestAdapter, Microsoft.VisualStudio.QualityTools.Tips.UnitTest.Adapter, Version=10.0.0.0, Culture=neutral, PublicKeyToken=b03f5f7f11d50a3a" className="NinjectDemoTest.UnitTest1, NinjectDemoTest, Version=1.0.0.0, Culture=neutral, PublicKeyToken=null" name="TestMethod1" />
    </UnitTest>
  </TestDefinitions>
  <TestLists>
    <TestList name="Results Not in a List" id="8c84fa94-04c1-424b-9868-57a2d4851a1d" />
    <TestList name="All Loaded Results" id="19431567-8539-422a-85d7-44ee4e166bda" />
  </TestLists>
  <TestEntries>
    <TestEntry testId="2798bef2-44cf-22bc-25b0-8eeca540e1c8" executionId="308c108c-675d-468d-be1e-47fa88637051" testListId="8c84fa94-04c1-424b-9868-57a2d4851a1d" />
  </TestEntries>
  <Results>
    <UnitTestResult executionId="308c108c-675d-468d-be1e-47fa88637051" testId="2798bef2-44cf-22bc-25b0-8eeca540e1c8" testName="TestMethod1" computerName="MYPARINYA-PC" duration="00:00:05.6343223" startTime="2011-08-24T23:42:30.7948631+07:00" endTime="2011-08-24T23:42:36.4291854+07:00" testType="13cdc9d9-ddb5-4fa4-a97d-d965ccfc6d4b" outcome="Aborted" testListId="8c84fa94-04c1-424b-9868-57a2d4851a1d" relativeResultsDirectory="308c108c-675d-468d-be1e-47fa88637051">
    </UnitTestResult>
  </Results>
</TestRun>