<?xml version="1.0" encoding="UTF-8"?>
<TestRun id="555db292-b8f4-47a7-84d8-48c9a38d972d" name="MyParinya@MYPARINYA-PC 2011-08-24 23:45:28" runUser="MyParinya-PC\MyParinya" xmlns="http://microsoft.com/schemas/VisualStudio/TeamTest/2010">
  <TestSettings name="Local" id="878a2ec2-ab60-4db1-9376-72fa2a4d923e">
    <Description>These are default test settings for a local test run.</Description>
    <Deployment enabled="false" runDeploymentRoot="MyParinya_MYPARINYA-PC 2011-08-24 23_45_28">
      <DeploymentItem filename="E:\Data\GitRepositories\HelloGithub\MvcApplication1\NinjectDemoTest\lib\Ninject.dll" />
      <DeploymentItem filename="E:\Data\GitRepositories\HelloGithub\MvcApplication1\NinjectDemoTest\lib\Moq.dll" />
    </Deployment>
    <Execution>
      <TestTypeSpecific />
      <AgentRule name="Execution Agents">
      </AgentRule>
    </Execution>
  </TestSettings>
  <Times creation="2011-08-24T23:45:28.2600136+07:00" queuing="2011-08-24T23:45:28.2870151+07:00" start="2011-08-24T23:45:28.2910153+07:00" finish="2011-08-24T23:45:28.9850550+07:00" />
  <ResultSummary outcome="Failed">
    <Counters total="1" executed="1" error="0" failed="1" timeout="0" aborted="0" inconclusive="0" passedButRunAborted="0" notRunnable="0" notExecuted="0" disconnected="0" warning="0" passed="0" completed="0" inProgress="0" pending="0" />
  </ResultSummary>
  <TestDefinitions>
    <UnitTest name="TestMethod1" storage="e:\data\gitrepositories\hellogithub\mvcapplication1\ninjectdemotest\bin\debug\ninjectdemotest.dll" id="2798bef2-44cf-22bc-25b0-8eeca540e1c8">
      <Execution id="8e2adf6f-8d4a-4629-9ea4-cb444e71ca62" />
      <TestMethod codeBase="E:/Data/GitRepositories/HelloGithub/MvcApplication1/NinjectDemoTest/bin/Debug/NinjectDemoTest.DLL" adapterTypeName="Microsoft.VisualStudio.TestTools.TestTypes.Unit.UnitTestAdapter, Microsoft.VisualStudio.QualityTools.Tips.UnitTest.Adapter, Version=10.0.0.0, Culture=neutral, PublicKeyToken=b03f5f7f11d50a3a" className="NinjectDemoTest.UnitTest1, NinjectDemoTest, Version=1.0.0.0, Culture=neutral, PublicKeyToken=null" name="TestMethod1" />
    </UnitTest>
  </TestDefinitions>
  <TestLists>
    <TestList name="Results Not in a List" id="8c84fa94-04c1-424b-9868-57a2d4851a1d" />
    <TestList name="All Loaded Results" id="19431567-8539-422a-85d7-44ee4e166bda" />
  </TestLists>
  <TestEntries>
    <TestEntry testId="2798bef2-44cf-22bc-25b0-8eeca540e1c8" executionId="8e2adf6f-8d4a-4629-9ea4-cb444e71ca62" testListId="8c84fa94-04c1-424b-9868-57a2d4851a1d" />
  </TestEntries>
  <Results>
    <UnitTestResult executionId="8e2adf6f-8d4a-4629-9ea4-cb444e71ca62" testId="2798bef2-44cf-22bc-25b0-8eeca540e1c8" testName="TestMethod1" computerName="MYPARINYA-PC" duration="00:00:00.2699121" startTime="2011-08-24T23:45:28.4540246+07:00" endTime="2011-08-24T23:45:28.9040504+07:00" testType="13cdc9d9-ddb5-4fa4-a97d-d965ccfc6d4b" outcome="Failed" testListId="8c84fa94-04c1-424b-9868-57a2d4851a1d" relativeResultsDirectory="8e2adf6f-8d4a-4629-9ea4-cb444e71ca62">
      <Output>
        <ErrorInfo>
          <Message>Test method NinjectDemoTest.UnitTest1.TestMethod1 threw exception: 
System.NotImplementedException: The method or operation is not implemented.</Message>
          <StackTrace>    at Moq.MethodCall.Execute(ICallContext call)
   at Moq.MethodCallReturn`2.Execute(ICallContext call)
   at Moq.Interceptor.Intercept(ICallContext invocation)
   at Moq.Proxy.CastleProxyFactory.Interceptor.Intercept(IInvocation invocation)
   at Castle.DynamicProxy.AbstractInvocation.Proceed()
   at Castle.Proxies.IMyServiceProxy.Hello(String msg)
   at NinjectDemoTest.UnitTest1.TestMethod1() in E:\Data\GitRepositories\HelloGithub\MvcApplication1\NinjectDemoTest\UnitTest1.cs:line 83
</StackTrace>
        </ErrorInfo>
      </Output>
    </UnitTestResult>
  </Results>
</TestRun>